<?xml version="1.0" encoding="UTF-8"?>
<testng-results ignored="0" total="1" passed="1" failed="0" skipped="0">
  <reporter-output>
  </reporter-output>
  <suite started-at="2025-04-17T05:31:54 GMT-05:00" name="Default suite" finished-at="2025-04-17T05:33:09 GMT-05:00" duration-ms="74589">
    <groups>
    </groups>
    <test started-at="2025-04-17T05:31:54 GMT-05:00" name="Default test" finished-at="2025-04-17T05:33:09 GMT-05:00" duration-ms="74589">
      <class name="vw.validation">
        <test-method signature="openbrowser()[pri:0, instance:vw.validation@323b36e0]" started-at="2025-04-17T05:31:54 GMT-05:00" name="openbrowser" finished-at="2025-04-17T05:33:09 GMT-05:00" duration-ms="74113" status="PASS">
          <reporter-output>
          </reporter-output>
        </test-method> <!-- openbrowser -->
      </class> <!-- vw.validation -->
    </test> <!-- Default test -->
  </suite> <!-- Default suite -->
</testng-results>
